[{
  "date" : "2012-02-03",
  "time" : "18:35:34",
  "message" : "Processing by SprintsController",
  "format": "JSONAPI",
  "method" : "save",
  "id" : "577725851"
},
{
  "date" : "2012-02-03",
  "time" : "18:35:34",
  "message" : "Processing by SprintsController",
  "format": "JSONAPI",
  "method" : "show",
  "id" : "1991281254"
},
{
  "date" : "2012-02-03",
  "time" : "18:35:34",
  "message" : "Processing by SprintsController",
  "format": "JSONAPI",
  "method" : "insert",
  "id" : "1304807656"
},
{
  "date" : "2012-02-03",
  "time" : "18:35:34",
  "message" : "Processing by SprintsController",
  "format": "JSONAPI",
  "method" : "show",
  "id" : "423340895"
},
{
  "date" : "2012-02-03",
  "time" : "18:35:34",
  "message" : "Processing by SprintsController",
  "format": "JSONAPI",
  "method" : "show",
  "id" : "2082654978"
},
{
  "date" : "2012-02-03",
  "time" : "18:35:34",
  "message" : "Processing by SprintsController",
  "format": "JSONAPI",
  "method" : "save",
  "id" : "1886438513"
},
{
  "date" : "2012-02-03",
  "time" : "18:35:34",
  "message" : "Processing by SprintsController",
  "format": "JSONAPI",
  "method" : "validate",
  "id" : "438634209"
},
{
  "date" : "2012-02-03",
  "time" : "18:35:34",
  "message" : "Processing by SprintsController",
  "format": "JSONAPI",
  "method" : "save",
  "id" : "2074121310"
},
{
  "date" : "2012-02-03",
  "time" : "18:35:34",
  "message" : "Processing by SprintsController",
  "format": "JSONAPI",
  "method" : "show",
  "id" : "1505582508"
},
{
  "date" : "2012-02-03",
  "time" : "18:35:34",
  "message" : "Processing by SprintsController",
  "format": "JSONAPI",
  "method" : "show",
  "id" : "1903854437"
},
{
  "date" : "2012-02-03",
  "time" : "18:35:34",
  "message" : "Processing by SprintsController",
  "format": "JSONAPI",
  "method" : "show",
  "id" : "915853141"
},
{
  "date" : "2012-02-03",
  "time" : "18:35:34",
  "message" : "Processing by SprintsController",
  "format": "JSONAPI",
  "method" : "validate",
  "id" : "303132401"
},
{
  "date" : "2012-02-03",
  "time" : "18:35:34",
  "message" : "Processing by SprintsController",
  "format": "JSONAPI",
  "method" : "load",
  "id" : "151914369"
},
{
  "date" : "2012-02-03",
  "time" : "18:35:34",
  "message" : "Processing by SprintsController",
  "format": "JSONAPI",
  "method" : "show",
  "id" : "146527742"
},
{
  "date" : "2012-02-03",
  "time" : "18:35:34",
  "message" : "Processing by SprintsController",
  "format": "JSONAPI",
  "method" : "show",
  "id" : "1147275656"
},
{
  "date" : "2012-02-03",
  "time" : "18:35:34",
  "message" : "Processing by SprintsController",
  "format": "JSONAPI",
  "method" : "validate",
  "id" : "1639322587"
},
{
  "date" : "2012-02-03",
  "time" : "18:35:34",
  "message" : "Processing by SprintsController",
  "format": "JSONAPI",
  "method" : "save",
  "id" : "1947448465"
},
{
  "date" : "2012-02-03",
  "time" : "18:35:34",
  "message" : "Processing by SprintsController",
  "format": "JSONAPI",
  "method" : "update",
  "id" : "146253849"
},
{
  "date" : "2012-02-03",
  "time" : "18:35:34",
  "message" : "Processing by SprintsController",
  "format": "JSONAPI",
  "method" : "show",
  "id" : "1608957378"
},
{
  "date" : "2012-02-03",
  "time" : "18:35:34",
  "message" : "Processing by SprintsController",
  "format": "JSONAPI",
  "method" : "show",
  "id" : "1183808280"
},
{
  "date" : "2012-02-03",
  "time" : "18:35:34",
  "message" : "Processing by SprintsController",
  "format": "JSONAPI",
  "method" : "index",
  "id" : "1395585766"
},
{
  "date" : "2012-02-03",
  "time" : "18:35:34",
  "message" : "Processing by SprintsController",
  "format": "JSONAPI",
  "method" : "show",
  "id" : "155983096"
},
{
  "date" : "2012-02-03",
  "time" : "18:35:34",
  "message" : "Processing by SprintsController",
  "format": "JSONAPI",
  "method" : "show",
  "id" : "1632884948"
},
{
  "date" : "2012-02-03",
  "time" : "18:35:34",
  "message" : "Processing by SprintsController",
  "format": "JSONAPI",
  "method" : "validate",
  "id" : "110682237"
},
{
  "date" : "2012-02-03",
  "time" : "18:35:34",
  "message" : "Processing by SprintsController",
  "format": "JSONAPI",
  "method" : "show",
  "id" : "1739786736"
},
{
  "date" : "2012-02-03",
  "time" : "18:35:34",
  "message" : "Processing by SprintsController",
  "format": "JSONAPI",
  "method" : "show",
  "id" : "792309118"
},
{
  "date" : "2012-02-03",
  "time" : "18:35:34",
  "message" : "Processing by SprintsController",
  "format": "JSONAPI",
  "method" : "show",
  "id" : "1142802377"
},
{
  "date" : "2012-02-03",
  "time" : "18:35:34",
  "message" : "Processing by SprintsController",
  "format": "JSONAPI",
  "method" : "insert",
  "id" : "1559025043"
},
{
  "date" : "2012-02-03",
  "time" : "18:35:34",
  "message" : "Processing by SprintsController",
  "format": "JSONAPI",
  "method" : "show",
  "id" : "40752315"
},
{
  "date" : "2012-02-03",
  "time" : "18:35:34",
  "message" : "Processing by SprintsController",
  "format": "JSONAPI",
  "method" : "save",
  "id" : "499737644"
},
{
  "date" : "2012-02-03",
  "time" : "18:35:34",
  "message" : "Processing by SprintsController",
  "format": "JSONAPI",
  "method" : "show",
  "id" : "400342153"
},
{
  "date" : "2012-02-03",
  "time" : "18:35:34",
  "message" : "Processing by SprintsController",
  "format": "JSONAPI",
  "method" : "update",
  "id" : "1868490543"
},
{
  "date" : "2012-02-03",
  "time" : "18:35:34",
  "message" : "Processing by SprintsController",
  "format": "JSONAPI",
  "method" : "show",
  "id" : "2059812448"
},
{
  "date" : "2012-02-03",
  "time" : "18:35:34",
  "message" : "Processing by SprintsController",
  "format": "JSONAPI",
  "method" : "validate",
  "id" : "766423792"
},
{
  "date" : "2012-02-03",
  "time" : "18:35:34",
  "message" : "Processing by SprintsController",
  "format": "JSONAPI",
  "method" : "index",
  "id" : "671674205"
},
{
  "date" : "2012-02-03",
  "time" : "18:35:34",
  "message" : "Processing by SprintsController",
  "format": "JSONAPI",
  "method" : "show",
  "id" : "2146263624"
},
{
  "date" : "2012-02-03",
  "time" : "18:35:34",
  "message" : "Processing by SprintsController",
  "format": "JSONAPI",
  "method" : "insert",
  "id" : "619472373"
},
{
  "date" : "2012-02-03",
  "time" : "18:35:34",
  "message" : "Processing by SprintsController",
  "format": "JSONAPI",
  "method" : "show",
  "id" : "1391429871"
},
{
  "date" : "2012-02-03",
  "time" : "18:35:34",
  "message" : "Processing by SprintsController",
  "format": "JSONAPI",
  "method" : "load",
  "id" : "1522968690"
},
{
  "date" : "2012-02-03",
  "time" : "18:35:34",
  "message" : "Processing by SprintsController",
  "format": "JSONAPI",
  "method" : "show",
  "id" : "173216708"
},
{
  "date" : "2012-02-03",
  "time" : "18:35:34",
  "message" : "Processing by SprintsController",
  "format": "JSONAPI",
  "method" : "show",
  "id" : "1089864222"
},
{
  "date" : "2012-02-03",
  "time" : "18:35:34",
  "message" : "Processing by SprintsController",
  "format": "JSONAPI",
  "method" : "validate",
  "id" : "778459926"
},
{
  "date" : "2012-02-03",
  "time" : "18:35:34",
  "message" : "Processing by SprintsController",
  "format": "JSONAPI",
  "method" : "show",
  "id" : "775158107"
},
{
  "date" : "2012-02-03",
  "time" : "18:35:34",
  "message" : "Processing by SprintsController",
  "format": "JSONAPI",
  "method" : "show",
  "id" : "1143165501"
},
{
  "date" : "2012-02-03",
  "time" : "18:35:34",
  "message" : "Processing by SprintsController",
  "format": "JSONAPI",
  "method" : "index",
  "id" : "1533873133"
},
{
  "date" : "2012-02-03",
  "time" : "18:35:34",
  "message" : "Processing by SprintsController",
  "format": "JSONAPI",
  "method" : "insert",
  "id" : "1916666627"
},
{
  "date" : "2012-02-03",
  "time" : "18:35:34",
  "message" : "Processing by SprintsController",
  "format": "JSONAPI",
  "method" : "show",
  "id" : "1530726118"
},
{
  "date" : "2012-02-03",
  "time" : "18:35:34",
  "message" : "Processing by SprintsController",
  "format": "JSONAPI",
  "method" : "update",
  "id" : "38243257"
},
{
  "date" : "2012-02-03",
  "time" : "18:35:34",
  "message" : "Processing by SprintsController",
  "format": "JSONAPI",
  "method" : "load",
  "id" : "1268939592"
},
{
  "date" : "2012-02-03",
  "time" : "18:35:34",
  "message" : "Processing by SprintsController",
  "format": "JSONAPI",
  "method" : "show",
  "id" : "309815198"
},
{
  "date" : "2012-02-03",
  "time" : "18:35:34",
  "message" : "Processing by SprintsController",
  "format": "JSONAPI",
  "method" : "show",
  "id" : "468333359"
},
{
  "date" : "2012-02-03",
  "time" : "18:35:34",
  "message" : "Processing by SprintsController",
  "format": "JSONAPI",
  "method" : "validate",
  "id" : "1825950524"
},
{
  "date" : "2012-02-03",
  "time" : "18:35:34",
  "message" : "Processing by SprintsController",
  "format": "JSONAPI",
  "method" : "show",
  "id" : "1437966113"
},
{
  "date" : "2012-02-03",
  "time" : "18:35:34",
  "message" : "Processing by SprintsController",
  "format": "JSONAPI",
  "method" : "show",
  "id" : "224128931"
},
{
  "date" : "2012-02-03",
  "time" : "18:35:34",
  "message" : "Processing by SprintsController",
  "format": "JSONAPI",
  "method" : "show",
  "id" : "1536041481"
},
{
  "date" : "2012-02-03",
  "time" : "18:35:34",
  "message" : "Processing by SprintsController",
  "format": "JSONAPI",
  "method" : "index",
  "id" : "565782217"
},
{
  "date" : "2012-02-03",
  "time" : "18:35:34",
  "message" : "Processing by SprintsController",
  "format": "JSONAPI",
  "method" : "show",
  "id" : "1173921159"
},
{
  "date" : "2012-02-03",
  "time" : "18:35:34",
  "message" : "Processing by SprintsController",
  "format": "JSONAPI",
  "method" : "show",
  "id" : "1270949141"
},
{
  "date" : "2012-02-03",
  "time" : "18:35:34",
  "message" : "Processing by SprintsController",
  "format": "JSONAPI",
  "method" : "show",
  "id" : "2013059990"
},
{
  "date" : "2012-02-03",
  "time" : "18:35:34",
  "message" : "Processing by SprintsController",
  "format": "JSONAPI",
  "method" : "validate",
  "id" : "739587626"
},
{
  "date" : "2012-02-03",
  "time" : "18:35:34",
  "message" : "Processing by SprintsController",
  "format": "JSONAPI",
  "method" : "insert",
  "id" : "552130153"
},
{
  "date" : "2012-02-03",
  "time" : "18:35:34",
  "message" : "Processing by SprintsController",
  "format": "JSONAPI",
  "method" : "update",
  "id" : "1100232257"
},
{
  "date" : "2012-02-03",
  "time" : "18:35:34",
  "message" : "Processing by SprintsController",
  "format": "JSONAPI",
  "method" : "show",
  "id" : "1395624416"
},
{
  "date" : "2012-02-03",
  "time" : "18:35:34",
  "message" : "Processing by SprintsController",
  "format": "JSONAPI",
  "method" : "index",
  "id" : "342163745"
},
{
  "date" : "2012-02-03",
  "time" : "18:35:34",
  "message" : "Processing by SprintsController",
  "format": "JSONAPI",
  "method" : "show",
  "id" : "617561588"
},
{
  "date" : "2012-02-03",
  "time" : "18:35:34",
  "message" : "Processing by SprintsController",
  "format": "JSONAPI",
  "method" : "validate",
  "id" : "1310951787"
},
{
  "date" : "2012-02-03",
  "time" : "18:35:34",
  "message" : "Processing by SprintsController",
  "format": "JSONAPI",
  "method" : "index",
  "id" : "2002740153"
},
{
  "date" : "2012-02-03",
  "time" : "18:35:34",
  "message" : "Processing by SprintsController",
  "format": "JSONAPI",
  "method" : "show",
  "id" : "1557575416"
},
{
  "date" : "2012-02-03",
  "time" : "18:35:34",
  "message" : "Processing by SprintsController",
  "format": "JSONAPI",
  "method" : "index",
  "id" : "1983250681"
},
{
  "date" : "2012-02-03",
  "time" : "18:35:34",
  "message" : "Processing by SprintsController",
  "format": "JSONAPI",
  "method" : "show",
  "id" : "1173250086"
},
{
  "date" : "2012-02-03",
  "time" : "18:35:34",
  "message" : "Processing by SprintsController",
  "format": "JSONAPI",
  "method" : "load",
  "id" : "1798066635"
},
{
  "date" : "2012-02-03",
  "time" : "18:35:34",
  "message" : "Processing by SprintsController",
  "format": "JSONAPI",
  "method" : "show",
  "id" : "931939552"
},
{
  "date" : "2012-02-03",
  "time" : "18:35:34",
  "message" : "Processing by SprintsController",
  "format": "JSONAPI",
  "method" : "validate",
  "id" : "134320441"
},
{
  "date" : "2012-02-03",
  "time" : "18:35:34",
  "message" : "Processing by SprintsController",
  "format": "JSONAPI",
  "method" : "show",
  "id" : "422428024"
},
{
  "date" : "2012-02-03",
  "time" : "18:35:34",
  "message" : "Processing by SprintsController",
  "format": "JSONAPI",
  "method" : "show",
  "id" : "2050832396"
},
{
  "date" : "2012-02-03",
  "time" : "18:35:34",
  "message" : "Processing by SprintsController",
  "format": "JSONAPI",
  "method" : "show",
  "id" : "435411914"
},
{
  "date" : "2012-02-03",
  "time" : "18:35:34",
  "message" : "Processing by SprintsController",
  "format": "JSONAPI",
  "method" : "show",
  "id" : "1375153288"
},
{
  "date" : "2012-02-03",
  "time" : "18:35:34",
  "message" : "Processing by SprintsController",
  "format": "JSONAPI",
  "method" : "update",
  "id" : "1285719039"
},
{
  "date" : "2012-02-03",
  "time" : "18:35:34",
  "message" : "Processing by SprintsController",
  "format": "JSONAPI",
  "method" : "show",
  "id" : "145402884"
},
{
  "date" : "2012-02-03",
  "time" : "18:35:34",
  "message" : "Processing by SprintsController",
  "format": "JSONAPI",
  "method" : "show",
  "id" : "1564658346"
},
{
  "date" : "2012-02-03",
  "time" : "18:35:34",
  "message" : "Processing by SprintsController",
  "format": "JSONAPI",
  "method" : "show",
  "id" : "1932959719"
},
{
  "date" : "2012-02-03",
  "time" : "18:35:34",
  "message" : "Processing by SprintsController",
  "format": "JSONAPI",
  "method" : "index",
  "id" : "847623795"
},
{
  "date" : "2012-02-03",
  "time" : "18:35:34",
  "message" : "Processing by SprintsController",
  "format": "JSONAPI",
  "method" : "load",
  "id" : "559617879"
},
{
  "date" : "2012-02-03",
  "time" : "18:35:34",
  "message" : "Processing by SprintsController",
  "format": "JSONAPI",
  "method" : "validate",
  "id" : "765627069"
},
{
  "date" : "2012-02-03",
  "time" : "18:35:34",
  "message" : "Processing by SprintsController",
  "format": "JSONAPI",
  "method" : "show",
  "id" : "1224092320"
},
{
  "date" : "2012-02-03",
  "time" : "18:35:34",
  "message" : "Processing by SprintsController",
  "format": "JSONAPI",
  "method" : "show",
  "id" : "1258772657"
},
{
  "date" : "2012-02-03",
  "time" : "18:35:34",
  "message" : "Processing by SprintsController",
  "format": "JSONAPI",
  "method" : "show",
  "id" : "1113842096"
},
{
  "date" : "2012-02-03",
  "time" : "18:35:34",
  "message" : "Processing by SprintsController",
  "format": "JSONAPI",
  "method" : "index",
  "id" : "781623964"
},
{
  "date" : "2012-02-03",
  "time" : "18:35:34",
  "message" : "Processing by SprintsController",
  "format": "JSONAPI",
  "method" : "update",
  "id" : "1426603165"
},
{
  "date" : "2012-02-03",
  "time" : "18:35:34",
  "message" : "Processing by SprintsController",
  "format": "JSONAPI",
  "method" : "show",
  "id" : "1912528762"
},
{
  "date" : "2012-02-03",
  "time" : "18:35:34",
  "message" : "Processing by SprintsController",
  "format": "JSONAPI",
  "method" : "validate",
  "id" : "1616164055"
},
{
  "date" : "2012-02-03",
  "time" : "18:35:34",
  "message" : "Processing by SprintsController",
  "format": "JSONAPI",
  "method" : "show",
  "id" : "362382078"
},
{
  "date" : "2012-02-03",
  "time" : "18:35:34",
  "message" : "Processing by SprintsController",
  "format": "JSONAPI",
  "method" : "show",
  "id" : "457029489"
},
{
  "date" : "2012-02-03",
  "time" : "18:35:34",
  "message" : "Processing by SprintsController",
  "format": "JSONAPI",
  "method" : "load",
  "id" : "218393462"
},
{
  "date" : "2012-02-03",
  "time" : "18:35:34",
  "message" : "Processing by SprintsController",
  "format": "JSONAPI",
  "method" : "show",
  "id" : "645848704"
},
{
  "date" : "2012-02-03",
  "time" : "18:35:34",
  "message" : "Processing by SprintsController",
  "format": "JSONAPI",
  "method" : "index",
  "id" : "371434395"
},
{
  "date" : "2012-02-03",
  "time" : "18:35:34",
  "message" : "Processing by SprintsController",
  "format": "JSONAPI",
  "method" : "show",
  "id" : "686364317"
},
{
  "date" : "2012-02-03",
  "time" : "18:35:34",
  "message" : "Processing by SprintsController",
  "format": "JSONAPI",
  "method" : "insert",
  "id" : "1030368497"
},
{
  "date" : "2012-02-03",
  "time" : "18:35:34",
  "message" : "Processing by SprintsController",
  "format": "JSONAPI",
  "method" : "show",
  "id" : "411397730"
},
{
  "date" : "2012-02-03",
  "time" : "18:35:34",
  "message" : "Processing by SprintsController",
  "format": "JSONAPI",
  "method" : "update",
  "id" : "591446031"
}]
